Training data saved under data/wikipedia/training/en/ranker.arff
Create Ranker classifier...
17:31:05.416 [main] INFO com.scienceminer.nerd.disambiguation.NerdRanker - building model
NERD ranker model created in 5.845 seconds
17:31:11.278 [main] INFO com.scienceminer.nerd.disambiguation.NerdRanker - saving model
Model saved under data/models/ranker-long-en.model
Create Selector arff files...
Training on 1  / 100
 - training 88320: Glen
17:31:15.634 [main] INFO com.scienceminer.nerd.disambiguation.NerdRanker - Model for nerd ranker loaded: data/models/ranker-long-en.model
article contribution: 97 training instances
Training on 2  / 100
 - training 93184: Mountrail County, North Dakota
article contribution: 86 training instances
Training on 3  / 100
 - training 94976: Freeborn County, Minnesota
article contribution: 138 training instances
Training on 4  / 100
 - training 95744: Bourbon County, Kansas
article contribution: 102 training instances
Training on 5  / 100
 - training 96256: Edgar County, Illinois
article contribution: 66 training instances
Training on 6  / 100
 - training 96768: Greene County, Georgia
article contribution: 86 training instances
Training on 7  / 100
 - training 155136: Minster-in-Thanet
article contribution: 158 training instances
Training on 8  / 100
 - training 160768: John Barrow, 1st Baronet
article contribution: 112 training instances
Training on 9  / 100
 - training 174080: Diagonal matrix
article contribution: 116 training instances
Training on 10  / 100
 - training 214272: Burned-over district
article contribution: 128 training instances
Training on 11  / 100
 - training 226816: 1599 in literature
article contribution: 152 training instances
Training on 12  / 100
 - training 236800: Porthos
article contribution: 88 training instances
Training on 13  / 100
 - training 282624: Hiawatha National Forest
article contribution: 110 training instances
Training on 14  / 100
 - training 286976: Sanderling
article contribution: 118 training instances
Training on 15  / 100
 - training 293888: Bismarck Archipelago
article contribution: 150 training instances
Training on 16  / 100
 - training 294912: Kelly McGillis
article contribution: 183 training instances
Training on 17  / 100
 - training 295936: 1757 in art
article contribution: 101 training instances
Training on 18  / 100
 - training 300800: Metropolitan Borough of Knowsley
article contribution: 122 training instances
Training on 19  / 100
 - training 305152: Papaver rhoeas
article contribution: 94 training instances
Training on 20  / 100
 - training 343808: Bernard Lovell
article contribution: 102 training instances
Training on 21  / 100
 - training 345600: High Peak, Derbyshire
article contribution: 154 training instances
Training on 22  / 100
 - training 355584: Mikawa Province
article contribution: 104 training instances
Training on 23  / 100
 - training 357632: Mating
article contribution: 164 training instances
Training on 24  / 100
 - training 479232: Sectionalism
article contribution: 86 training instances
Training on 25  / 100
 - training 540672: Radley
article contribution: 110 training instances
Training on 26  / 100
 - training 603648: Mapai
article contribution: 102 training instances
Training on 27  / 100
 - training 691968: Oily fish
article contribution: 92 training instances
Training on 28  / 100
 - training 806656: Thomas Chrowder Chamberlin
article contribution: 96 training instances
Training on 29  / 100
 - training 831744: Visitor center
article contribution: 100 training instances
Training on 30  / 100
 - training 872960: Duncan Lamont
article contribution: 118 training instances
Training on 31  / 100
 - training 1132032: Wawel Cathedral
article contribution: 94 training instances
Training on 32  / 100
 - training 1135616: Garth Drabinsky
article contribution: 128 training instances
Training on 33  / 100
 - training 1219584: Parlamentarischer Rat
article contribution: 132 training instances
Training on 34  / 100
 - training 1284864: Trad jazz
article contribution: 84 training instances
Training on 35  / 100
 - training 1477888: Gheorghe Popescu
article contribution: 100 training instances
Training on 36  / 100
 - training 1536256: Helena Christensen
article contribution: 130 training instances
Training on 37  / 100
 - training 1597952: Moshav
article contribution: 240 training instances
Training on 38  / 100
 - training 1792768: Randal Kleiser
article contribution: 136 training instances
Training on 39  / 100
 - training 1873920: Beaver Harris
article contribution: 120 training instances
Training on 40  / 100
 - training 1982720: Samuel Adler (composer)
article contribution: 122 training instances
Training on 41  / 100
 - training 1989888: Francis Burton Harrison
article contribution: 138 training instances
Training on 42  / 100
 - training 2178816: India Meteorological Department
article contribution: 101 training instances
Training on 43  / 100
 - training 2261248: Endless Harmony Soundtrack
article contribution: 126 training instances
Training on 44  / 100
 - training 2268416: Title 28 of the United States Code
article contribution: 145 training instances
Training on 45  / 100
 - training 2401792: 1970 in art
article contribution: 214 training instances
Training on 46  / 100
 - training 2534656: Polygala
article contribution: 98 training instances
Training on 47  / 100
 - training 2592768: International Bluegrass Music Hall of Fame
article contribution: 54 training instances
Training on 48  / 100
 - training 2664704: Kevin Grevioux
article contribution: 152 training instances
Training on 49  / 100
 - training 2771456: Joe Kuhel
article contribution: 98 training instances
Training on 50  / 100
 - training 2987264: That Old Feeling (song)
article contribution: 212 training instances
Training on 51  / 100
 - training 3051520: Footballfish
article contribution: 138 training instances
Training on 52  / 100
 - training 3124224: Bharuch district
article contribution: 108 training instances
Training on 53  / 100
 - training 3238912: Bad Belzig
article contribution: 124 training instances
Training on 54  / 100
 - training 3559936: SpinART Records
article contribution: 82 training instances
Training on 55  / 100
 - training 3622144: Derek Morris (ice hockey)
article contribution: 98 training instances
Training on 56  / 100
 - training 4210688: Ruby Dandridge
article contribution: 90 training instances
Training on 57  / 100
 - training 4629504: Doris Hare
article contribution: 104 training instances
Training on 58  / 100
 - training 4877312: Mikhail Tereshchenko
article contribution: 116 training instances
Training on 59  / 100
 - training 4939008: Curt Bois
article contribution: 86 training instances
Training on 60  / 100
 - training 5525760: Adopt-a-Highway
article contribution: 90 training instances
Training on 61  / 100
 - training 5727232: Ruggero Raimondi
article contribution: 182 training instances
Training on 62  / 100
 - training 5795328: 1805 in art
article contribution: 120 training instances
Training on 63  / 100
 - training 5848832: Jim Donnan
article contribution: 92 training instances
Training on 64  / 100
 - training 5876480: Plantation High School
article contribution: 134 training instances
Training on 65  / 100
 - training 5937920: MRAP (NGO)
article contribution: 92 training instances
Training on 66  / 100
 - training 6042880: Spoonful
article contribution: 114 training instances
Training on 67  / 100
 - training 6070528: Robert Torti
article contribution: 136 training instances
Training on 68  / 100
 - training 6978560: Robert Dorning
article contribution: 146 training instances
Training on 69  / 100
 - training 7506176: Black Saddle
article contribution: 148 training instances
Training on 70  / 100
 - training 7701504: Westlake High School (California)
article contribution: 158 training instances
Training on 71  / 100
 - training 7820544: Bishop of Ravenna
article contribution: 100 training instances
Training on 72  / 100
 - training 8271872: Hymne à l'amour
article contribution: 198 training instances
Training on 73  / 100
 - training 8494592: Jesse Applegate
article contribution: 102 training instances
Training on 74  / 100
 - training 8494848: T.A.M.I. Show
article contribution: 132 training instances
Training on 75  / 100
 - training 9086464: Dorothy Canfield Fisher Children's Book Award
article contribution: 146 training instances
Training on 76  / 100
 - training 9392640: Sant'Adriano al Foro
article contribution: 120 training instances
Training on 77  / 100
 - training 9587456: 1985 FIFA World Youth Championship
article contribution: 84 training instances
Training on 78  / 100
 - training 9778688: 1828 in Ireland
article contribution: 82 training instances
Training on 79  / 100
 - training 10448896: Rob Benedict
article contribution: 102 training instances
Training on 80  / 100
 - training 12999424: Christianity in Omaha, Nebraska
article contribution: 106 training instances
Training on 81  / 100
 - training 14135808: Landslide dam
article contribution: 100 training instances
Training on 82  / 100
 - training 15426304: Bobby Diamond
article contribution: 134 training instances
Training on 83  / 100
 - training 15503360: Dragotin Kette
article contribution: 102 training instances
Training on 84  / 100
 - training 16940544: 1984–85 Football League
article contribution: 96 training instances
Training on 85  / 100
 - training 18442752: Quincy, Illinois micropolitan area
article contribution: 82 training instances
Training on 86  / 100
 - training 22892544: Carlos Páez Vilaró
article contribution: 102 training instances
Training on 87  / 100
 - training 24226816: League Championship Series Most Valuable Player Award
article contribution: 94 training instances
Training on 88  / 100
 - training 26517248: William Little Lee
article contribution: 96 training instances
Training on 89  / 100
 - training 26819840: Curt Lowens
article contribution: 76 training instances
Training on 90  / 100
 - training 30839552: Vanitha Film Awards
article contribution: 234 training instances
Training on 91  / 100
 - training 31359232: The Saint (music venue)
article contribution: 110 training instances
Training on 92  / 100
 - training 31479552: Rudolf Platte
article contribution: 128 training instances
Training on 93  / 100
 - training 31955200: Glory (kickboxing)
article contribution: 244 training instances
Training on 94  / 100
 - training 32656640: Pechorsky District
article contribution: 106 training instances
Training on 95  / 100
 - training 32676096: American Music Awards of 2011
article contribution: 96 training instances
Training on 96  / 100
 - training 33385984: 2020 Summer Paralympics
article contribution: 84 training instances
Training on 97  / 100
 - training 37965312: Freda Betti
article contribution: 128 training instances
Training on 98  / 100
 - training 44587520: Atonement
article contribution: 112 training instances
Training on 99  / 100
 - training 48396032: 3 Quarks Daily
article contribution: 108 training instances
Training on 100  / 100
 - training 52848128: 2019 Africa Cup of Nations qualification
article contribution: 126 training instances
Training data saved under data/wikipedia/training/en/selector.arff
Create Selector classifier...
17:57:16.871 [main] INFO com.scienceminer.nerd.disambiguation.NerdSelector - building model
NERD selector model created in 0.436 seconds
17:57:17.310 [main] INFO com.scienceminer.nerd.disambiguation.NerdSelector - saving model
17:57:17.856 [main] DEBUG com.scienceminer.nerd.disambiguation.NerdSelector - Invalid file for saving author filtering model.
Model saved under data/models/selector-long-en.model
Evaluate classifiers...
-------------------------- evaluating ranker model --------------------------
Evaluating on article 1 / 100
17:57:19.090 [main] INFO com.scienceminer.nerd.disambiguation.NerdRanker - Model for nerd ranker loaded: data/models/ranker-long-en.model
17:57:20.177 [main] DEBUG com.scienceminer.nerd.disambiguation.NerdEngine - relatedness - comparisons: 2763807 - cache proportion: 0.38894694986074574
Evaluating on article 2 / 100
17:57:22.891 [main] DEBUG com.scienceminer.nerd.disambiguation.NerdEngine - relatedness - comparisons: 2774952 - cache proportion: 0.38949960762296076
Evaluating on article 3 / 100
17:57:25.108 [main] DEBUG com.scienceminer.nerd.disambiguation.NerdEngine - relatedness - comparisons: 2784297 - cache proportion: 0.3897274735593219
Evaluating on article 4 / 100
17:57:27.572 [main] DEBUG com.scienceminer.nerd.disambiguation.NerdEngine - relatedness - comparisons: 2794275 - cache proportion: 0.38962348455739937
Evaluating on article 5 / 100
17:57:30.465 [main] DEBUG com.scienceminer.nerd.disambiguation.NerdEngine - relatedness - comparisons: 2810514 - cache proportion: 0.38942963605364733
Evaluating on article 6 / 100
17:57:31.566 [main] DEBUG com.scienceminer.nerd.disambiguation.NerdEngine - relatedness - comparisons: 2814937 - cache proportion: 0.38934724423489675
Evaluating on article 7 / 100
17:57:33.323 [main] DEBUG com.scienceminer.nerd.disambiguation.NerdEngine - relatedness - comparisons: 2823851 - cache proportion: 0.3893528571966097
Evaluating on article 8 / 100
17:57:36.639 [main] DEBUG com.scienceminer.nerd.disambiguation.NerdEngine - relatedness - comparisons: 2840837 - cache proportion: 0.3889938596919501
Evaluating on article 9 / 100
17:57:39.814 [main] DEBUG com.scienceminer.nerd.disambiguation.NerdEngine - relatedness - comparisons: 2856134 - cache proportion: 0.38926617230054306
Evaluating on article 10 / 100
17:57:42.867 [main] DEBUG com.scienceminer.nerd.disambiguation.NerdEngine - relatedness - comparisons: 2874318 - cache proportion: 0.38940836307531645
Evaluating on article 11 / 100
17:57:45.347 [main] DEBUG com.scienceminer.nerd.disambiguation.NerdEngine - relatedness - comparisons: 2888747 - cache proportion: 0.390202188160527
Evaluating on article 12 / 100
17:57:46.187 [main] DEBUG com.scienceminer.nerd.disambiguation.NerdEngine - relatedness - comparisons: 2892856 - cache proportion: 0.3904569419516716
Evaluating on article 13 / 100
17:57:48.280 [main] DEBUG com.scienceminer.nerd.disambiguation.NerdEngine - relatedness - comparisons: 2903083 - cache proportion: 0.3901693402799805
Evaluating on article 14 / 100
17:57:50.003 [main] DEBUG com.scienceminer.nerd.disambiguation.NerdEngine - relatedness - comparisons: 2910274 - cache proportion: 0.390099075468867
Evaluating on article 15 / 100
17:57:51.635 [main] DEBUG com.scienceminer.nerd.disambiguation.NerdEngine - relatedness - comparisons: 2921215 - cache proportion: 0.3906793102355004
Evaluating on article 16 / 100
17:57:54.283 [main] DEBUG com.scienceminer.nerd.disambiguation.NerdEngine - relatedness - comparisons: 2935416 - cache proportion: 0.3910892999162374
Evaluating on article 17 / 100
17:57:57.009 [main] DEBUG com.scienceminer.nerd.disambiguation.NerdEngine - relatedness - comparisons: 2951144 - cache proportion: 0.3909009458427767
Evaluating on article 18 / 100
17:57:58.035 [main] DEBUG com.scienceminer.nerd.disambiguation.NerdEngine - relatedness - comparisons: 2956750 - cache proportion: 0.3918518535277734
Evaluating on article 19 / 100
17:58:01.954 [main] DEBUG com.scienceminer.nerd.disambiguation.NerdEngine - relatedness - comparisons: 2977233 - cache proportion: 0.3918395627960771
Evaluating on article 20 / 100
17:58:03.559 [main] DEBUG com.scienceminer.nerd.disambiguation.NerdEngine - relatedness - comparisons: 2986284 - cache proportion: 0.3916496887339389
Evaluating on article 21 / 100
17:58:06.632 [main] DEBUG com.scienceminer.nerd.disambiguation.NerdEngine - relatedness - comparisons: 3003284 - cache proportion: 0.39146671021702306
Evaluating on article 22 / 100
17:58:09.404 [main] DEBUG com.scienceminer.nerd.disambiguation.NerdEngine - relatedness - comparisons: 3019478 - cache proportion: 0.3924472972611337
Evaluating on article 23 / 100
17:58:11.022 [main] DEBUG com.scienceminer.nerd.disambiguation.NerdEngine - relatedness - comparisons: 3027934 - cache proportion: 0.39242192361244743
Evaluating on article 24 / 100
17:58:16.350 [main] DEBUG com.scienceminer.nerd.disambiguation.NerdEngine - relatedness - comparisons: 3045599 - cache proportion: 0.3934958099699237
Evaluating on article 25 / 100
17:58:21.429 [main] DEBUG com.scienceminer.nerd.disambiguation.NerdEngine - relatedness - comparisons: 3068654 - cache proportion: 0.39327961140209333
Evaluating on article 26 / 100
17:58:24.201 [main] DEBUG com.scienceminer.nerd.disambiguation.NerdEngine - relatedness - comparisons: 3082504 - cache proportion: 0.3930971261881844
Evaluating on article 27 / 100
17:58:25.871 [main] DEBUG com.scienceminer.nerd.disambiguation.NerdEngine - relatedness - comparisons: 3093210 - cache proportion: 0.39326493299592813
Evaluating on article 28 / 100
17:58:31.532 [main] DEBUG com.scienceminer.nerd.disambiguation.NerdEngine - relatedness - comparisons: 3113322 - cache proportion: 0.3940375019487864
Evaluating on article 29 / 100
17:58:34.070 [main] DEBUG com.scienceminer.nerd.disambiguation.NerdEngine - relatedness - comparisons: 3128309 - cache proportion: 0.3947886544915382
Evaluating on article 30 / 100
17:58:35.677 [main] DEBUG com.scienceminer.nerd.disambiguation.NerdEngine - relatedness - comparisons: 3137844 - cache proportion: 0.39543175697845734
Evaluating on article 31 / 100
17:58:39.091 [main] DEBUG com.scienceminer.nerd.disambiguation.NerdEngine - relatedness - comparisons: 3157730 - cache proportion: 0.39529828150831403
Evaluating on article 32 / 100
17:58:42.257 [main] DEBUG com.scienceminer.nerd.disambiguation.NerdEngine - relatedness - comparisons: 3178119 - cache proportion: 0.3959743521079193
Evaluating on article 33 / 100
17:58:44.393 [main] DEBUG com.scienceminer.nerd.disambiguation.NerdEngine - relatedness - comparisons: 3189320 - cache proportion: 0.39648551000940657
Evaluating on article 34 / 100
17:58:49.850 [main] DEBUG com.scienceminer.nerd.disambiguation.NerdEngine - relatedness - comparisons: 3207089 - cache proportion: 0.3965658455962665
Evaluating on article 35 / 100
17:58:51.152 [main] DEBUG com.scienceminer.nerd.disambiguation.NerdEngine - relatedness - comparisons: 3212436 - cache proportion: 0.3965816066144614
Evaluating on article 36 / 100
17:58:55.705 [main] DEBUG com.scienceminer.nerd.disambiguation.NerdEngine - relatedness - comparisons: 3232703 - cache proportion: 0.3967992530296689
Evaluating on article 37 / 100
17:58:59.418 [main] DEBUG com.scienceminer.nerd.disambiguation.NerdEngine - relatedness - comparisons: 3256405 - cache proportion: 0.39718519014905407
Evaluating on article 38 / 100
17:59:02.340 [main] DEBUG com.scienceminer.nerd.disambiguation.NerdEngine - relatedness - comparisons: 3273047 - cache proportion: 0.39728763072621465
Evaluating on article 39 / 100
17:59:05.658 [main] DEBUG com.scienceminer.nerd.disambiguation.NerdEngine - relatedness - comparisons: 3290377 - cache proportion: 0.3979610600453143
Evaluating on article 40 / 100
17:59:07.411 [main] DEBUG com.scienceminer.nerd.disambiguation.NerdEngine - relatedness - comparisons: 3297849 - cache proportion: 0.39827652521442625
Evaluating on article 41 / 100
17:59:09.000 [main] DEBUG com.scienceminer.nerd.disambiguation.NerdEngine - relatedness - comparisons: 3306153 - cache proportion: 0.39861469502299385
Evaluating on article 42 / 100
17:59:10.332 [main] DEBUG com.scienceminer.nerd.disambiguation.NerdEngine - relatedness - comparisons: 3314582 - cache proportion: 0.3986107699079495
Evaluating on article 43 / 100
17:59:13.721 [main] DEBUG com.scienceminer.nerd.disambiguation.NerdEngine - relatedness - comparisons: 3332573 - cache proportion: 0.39849943109129393
Evaluating on article 44 / 100
17:59:16.008 [main] DEBUG com.scienceminer.nerd.disambiguation.NerdEngine - relatedness - comparisons: 3344605 - cache proportion: 0.3991064043239265
Evaluating on article 45 / 100
17:59:19.101 [main] DEBUG com.scienceminer.nerd.disambiguation.NerdEngine - relatedness - comparisons: 3361338 - cache proportion: 0.3993633641704185
Evaluating on article 46 / 100
17:59:22.126 [main] DEBUG com.scienceminer.nerd.disambiguation.NerdEngine - relatedness - comparisons: 3375290 - cache proportion: 0.39938488060441424
Evaluating on article 47 / 100
17:59:24.030 [main] DEBUG com.scienceminer.nerd.disambiguation.NerdEngine - relatedness - comparisons: 3384458 - cache proportion: 0.3999987944869762
Evaluating on article 48 / 100
17:59:27.084 [main] DEBUG com.scienceminer.nerd.disambiguation.NerdEngine - relatedness - comparisons: 3398201 - cache proportion: 0.40014019437273696
Evaluating on article 49 / 100
17:59:32.007 [main] DEBUG com.scienceminer.nerd.disambiguation.NerdEngine - relatedness - comparisons: 3421854 - cache proportion: 0.4000885704808542
Evaluating on article 50 / 100
17:59:35.670 [main] DEBUG com.scienceminer.nerd.disambiguation.NerdEngine - relatedness - comparisons: 3433998 - cache proportion: 0.40044123639774265
Evaluating on article 51 / 100
17:59:39.812 [main] DEBUG com.scienceminer.nerd.disambiguation.NerdEngine - relatedness - comparisons: 3448081 - cache proportion: 0.4005476654244433
Evaluating on article 52 / 100
17:59:44.395 [main] DEBUG com.scienceminer.nerd.disambiguation.NerdEngine - relatedness - comparisons: 3467636 - cache proportion: 0.400632167825399
Evaluating on article 53 / 100
17:59:48.515 [main] DEBUG com.scienceminer.nerd.disambiguation.NerdEngine - relatedness - comparisons: 3487107 - cache proportion: 0.40115136151882724
Evaluating on article 54 / 100
17:59:50.643 [main] DEBUG com.scienceminer.nerd.disambiguation.NerdEngine - relatedness - comparisons: 3498968 - cache proportion: 0.40122142363432656
Evaluating on article 55 / 100
17:59:55.147 [main] DEBUG com.scienceminer.nerd.disambiguation.NerdEngine - relatedness - comparisons: 3519631 - cache proportion: 0.40183113248127256
Evaluating on article 56 / 100
17:59:56.574 [main] DEBUG com.scienceminer.nerd.disambiguation.NerdEngine - relatedness - comparisons: 3528542 - cache proportion: 0.40210610003797265
Evaluating on article 57 / 100
17:59:58.082 [main] DEBUG com.scienceminer.nerd.disambiguation.NerdEngine - relatedness - comparisons: 3536347 - cache proportion: 0.4025844471973469
Evaluating on article 58 / 100
17:59:59.706 [main] DEBUG com.scienceminer.nerd.disambiguation.NerdEngine - relatedness - comparisons: 3545238 - cache proportion: 0.40236777958713044
Evaluating on article 59 / 100
18:00:01.301 [main] DEBUG com.scienceminer.nerd.disambiguation.NerdEngine - relatedness - comparisons: 3553544 - cache proportion: 0.4024020332373701
Evaluating on article 60 / 100
18:00:04.505 [main] DEBUG com.scienceminer.nerd.disambiguation.NerdEngine - relatedness - comparisons: 3570476 - cache proportion: 0.40311399220206356
Evaluating on article 61 / 100
18:00:07.686 [main] DEBUG com.scienceminer.nerd.disambiguation.NerdEngine - relatedness - comparisons: 3586104 - cache proportion: 0.40338801230655386
Evaluating on article 62 / 100
18:00:09.328 [main] DEBUG com.scienceminer.nerd.disambiguation.NerdEngine - relatedness - comparisons: 3594060 - cache proportion: 0.4041816993336197
Evaluating on article 63 / 100
18:00:12.508 [main] DEBUG com.scienceminer.nerd.disambiguation.NerdEngine - relatedness - comparisons: 3609936 - cache proportion: 0.4041166202414114
Evaluating on article 64 / 100
18:00:15.175 [main] DEBUG com.scienceminer.nerd.disambiguation.NerdEngine - relatedness - comparisons: 3623985 - cache proportion: 0.4043519958975067
Evaluating on article 65 / 100
18:00:17.437 [main] DEBUG com.scienceminer.nerd.disambiguation.NerdEngine - relatedness - comparisons: 3637018 - cache proportion: 0.4044358420755726
Evaluating on article 66 / 100
18:00:18.971 [main] DEBUG com.scienceminer.nerd.disambiguation.NerdEngine - relatedness - comparisons: 3646019 - cache proportion: 0.4043051229329079
Evaluating on article 67 / 100
18:00:21.846 [main] DEBUG com.scienceminer.nerd.disambiguation.NerdEngine - relatedness - comparisons: 3663245 - cache proportion: 0.40404758515505845
Evaluating on article 68 / 100
18:00:24.276 [main] DEBUG com.scienceminer.nerd.disambiguation.NerdEngine - relatedness - comparisons: 3674770 - cache proportion: 0.4044369388897847
Evaluating on article 69 / 100
18:00:27.921 [main] DEBUG com.scienceminer.nerd.disambiguation.NerdEngine - relatedness - comparisons: 3688659 - cache proportion: 0.4050382067235768
Evaluating on article 70 / 100
18:00:29.859 [main] DEBUG com.scienceminer.nerd.disambiguation.NerdEngine - relatedness - comparisons: 3697702 - cache proportion: 0.4055757883627823
Evaluating on article 71 / 100
18:00:34.389 [main] DEBUG com.scienceminer.nerd.disambiguation.NerdEngine - relatedness - comparisons: 3716916 - cache proportion: 0.4067613497162621
Evaluating on article 72 / 100
18:00:36.069 [main] DEBUG com.scienceminer.nerd.disambiguation.NerdEngine - relatedness - comparisons: 3725955 - cache proportion: 0.40739571446180267
Evaluating on article 73 / 100
18:00:38.436 [main] DEBUG com.scienceminer.nerd.disambiguation.NerdEngine - relatedness - comparisons: 3741467 - cache proportion: 0.4076644135604329
Evaluating on article 74 / 100
18:00:40.668 [main] DEBUG com.scienceminer.nerd.disambiguation.NerdEngine - relatedness - comparisons: 3753756 - cache proportion: 0.4074805315342974
Evaluating on article 75 / 100
18:00:43.688 [main] DEBUG com.scienceminer.nerd.disambiguation.NerdEngine - relatedness - comparisons: 3765583 - cache proportion: 0.40736205201973263
Evaluating on article 76 / 100
18:00:46.737 [main] DEBUG com.scienceminer.nerd.disambiguation.NerdEngine - relatedness - comparisons: 3782871 - cache proportion: 0.40731086531960947
Evaluating on article 77 / 100
18:00:48.929 [main] DEBUG com.scienceminer.nerd.disambiguation.NerdEngine - relatedness - comparisons: 3793731 - cache proportion: 0.40747811269803214
Evaluating on article 78 / 100
18:00:51.887 [main] DEBUG com.scienceminer.nerd.disambiguation.NerdEngine - relatedness - comparisons: 3808091 - cache proportion: 0.4075671223789594
Evaluating on article 79 / 100
18:00:54.428 [main] DEBUG com.scienceminer.nerd.disambiguation.NerdEngine - relatedness - comparisons: 3820180 - cache proportion: 0.40748114420857173
Evaluating on article 80 / 100
18:00:56.302 [main] DEBUG com.scienceminer.nerd.disambiguation.NerdEngine - relatedness - comparisons: 3830361 - cache proportion: 0.4076357677569574
Evaluating on article 81 / 100
18:01:02.837 [main] DEBUG com.scienceminer.nerd.disambiguation.NerdEngine - relatedness - comparisons: 3852373 - cache proportion: 0.40832997492250056
Evaluating on article 82 / 100
18:01:07.100 [main] DEBUG com.scienceminer.nerd.disambiguation.NerdEngine - relatedness - comparisons: 3873207 - cache proportion: 0.40789380753923543
Evaluating on article 83 / 100
18:01:13.464 [main] DEBUG com.scienceminer.nerd.disambiguation.NerdEngine - relatedness - comparisons: 3888959 - cache proportion: 0.4080944733187666
Evaluating on article 84 / 100
18:01:15.413 [main] DEBUG com.scienceminer.nerd.disambiguation.NerdEngine - relatedness - comparisons: 3899090 - cache proportion: 0.4079150770284856
Evaluating on article 85 / 100
18:01:19.683 [main] DEBUG com.scienceminer.nerd.disambiguation.NerdEngine - relatedness - comparisons: 3921880 - cache proportion: 0.40790916849455017
Evaluating on article 86 / 100
18:01:21.511 [main] DEBUG com.scienceminer.nerd.disambiguation.NerdEngine - relatedness - comparisons: 3933970 - cache proportion: 0.40788874605262426
Evaluating on article 87 / 100
18:01:24.293 [main] DEBUG com.scienceminer.nerd.disambiguation.NerdEngine - relatedness - comparisons: 3949859 - cache proportion: 0.40895069141022067
Evaluating on article 88 / 100
18:01:25.974 [main] DEBUG com.scienceminer.nerd.disambiguation.NerdEngine - relatedness - comparisons: 3959073 - cache proportion: 0.40935901791001084
Evaluating on article 89 / 100
18:01:29.173 [main] DEBUG com.scienceminer.nerd.disambiguation.NerdEngine - relatedness - comparisons: 3976977 - cache proportion: 0.41057380682745337
Evaluating on article 90 / 100
18:01:32.646 [main] DEBUG com.scienceminer.nerd.disambiguation.NerdEngine - relatedness - comparisons: 3991957 - cache proportion: 0.410831779592038
Evaluating on article 91 / 100
18:01:34.083 [main] DEBUG com.scienceminer.nerd.disambiguation.NerdEngine - relatedness - comparisons: 4001423 - cache proportion: 0.41103862757216514
Evaluating on article 92 / 100
18:01:37.255 [main] DEBUG com.scienceminer.nerd.disambiguation.NerdEngine - relatedness - comparisons: 4013876 - cache proportion: 0.4108757688829763
Evaluating on article 93 / 100
18:01:42.154 [main] DEBUG com.scienceminer.nerd.disambiguation.NerdEngine - relatedness - comparisons: 4033664 - cache proportion: 0.41126882137263443
Evaluating on article 94 / 100
18:01:44.736 [main] DEBUG com.scienceminer.nerd.disambiguation.NerdEngine - relatedness - comparisons: 4046267 - cache proportion: 0.41133159906325556
Evaluating on article 95 / 100
18:01:49.249 [main] DEBUG com.scienceminer.nerd.disambiguation.NerdEngine - relatedness - comparisons: 4063025 - cache proportion: 0.41196821840202513
Evaluating on article 96 / 100
18:01:54.023 [main] DEBUG com.scienceminer.nerd.disambiguation.NerdEngine - relatedness - comparisons: 4083649 - cache proportion: 0.4130177519896082
Evaluating on article 97 / 100
18:01:57.363 [main] DEBUG com.scienceminer.nerd.disambiguation.NerdEngine - relatedness - comparisons: 4102576 - cache proportion: 0.4134386612609183
Evaluating on article 98 / 100
18:02:00.242 [main] DEBUG com.scienceminer.nerd.disambiguation.NerdEngine - relatedness - comparisons: 4116535 - cache proportion: 0.41334520361586624
Evaluating on article 99 / 100
18:02:02.967 [main] DEBUG com.scienceminer.nerd.disambiguation.NerdEngine - relatedness - comparisons: 4130869 - cache proportion: 0.41314330753317174
Evaluating on article 100 / 100
18:02:06.688 [main] DEBUG com.scienceminer.nerd.disambiguation.NerdEngine - relatedness - comparisons: 4153183 - cache proportion: 0.41379826741477377

Evaluation on 100 articles

-- Macro-average --
precision: 0.9246
recall: 0.9886
f1-score: 0.9543

-- Micro-average --
precision: 0.9233
recall: 0.9886
f1-score: 0.9548

lower precision in evaluation set: 0.76
lower recall in evalution set : 0.8095
perfect precision in evaluation set: 6 / 100
perfect recall in evaluation set: 54 / 100

------------------------- evaluating selector model -------------------------
Evaluating on article 1 / 100
 - evaluating 788: Apiales
18:02:07.703 [main] DEBUG com.scienceminer.nerd.disambiguation.NerdEngine - relatedness - comparisons: 4159184 - cache proportion: 0.41384972780943674
18:02:08.184 [main] INFO com.scienceminer.nerd.disambiguation.NerdSelector - Model for nerd selector loaded: data/models/selector-long-en.model
Evaluating on article 2 / 100
 - evaluating 789: Asterales
18:02:11.941 [main] DEBUG com.scienceminer.nerd.disambiguation.NerdEngine - relatedness - comparisons: 4174091 - cache proportion: 0.41432410771262485
Evaluating on article 3 / 100
 - evaluating 795: Affidavit
18:02:15.110 [main] DEBUG com.scienceminer.nerd.disambiguation.NerdEngine - relatedness - comparisons: 4191190 - cache proportion: 0.41455192274167807
Evaluating on article 4 / 100
 - evaluating 1303: Abdominal surgery
18:02:17.916 [main] DEBUG com.scienceminer.nerd.disambiguation.NerdEngine - relatedness - comparisons: 4206723 - cache proportion: 0.4150223312929845
Evaluating on article 5 / 100
 - evaluating 1309: Almost all
18:02:18.715 [main] DEBUG com.scienceminer.nerd.disambiguation.NerdEngine - relatedness - comparisons: 4209832 - cache proportion: 0.4152060008648629
Evaluating on article 6 / 100
 - evaluating 1559: Ahenobarbus
18:02:20.415 [main] DEBUG com.scienceminer.nerd.disambiguation.NerdEngine - relatedness - comparisons: 4216026 - cache proportion: 0.4159422673020149
Evaluating on article 7 / 100
 - evaluating 1563: Arthur Aikin
18:02:23.867 [main] DEBUG com.scienceminer.nerd.disambiguation.NerdEngine - relatedness - comparisons: 4225840 - cache proportion: 0.41610180276067465
Evaluating on article 8 / 100
 - evaluating 1564: Ailanthus
18:02:26.456 [main] DEBUG com.scienceminer.nerd.disambiguation.NerdEngine - relatedness - comparisons: 4233960 - cache proportion: 0.4160763129546087
Evaluating on article 9 / 100
 - evaluating 1567: Ajax the Lesser
18:02:29.503 [main] DEBUG com.scienceminer.nerd.disambiguation.NerdEngine - relatedness - comparisons: 4248517 - cache proportion: 0.4159944707674683
Evaluating on article 10 / 100
 - evaluating 2086: Abijah
18:02:31.652 [main] DEBUG com.scienceminer.nerd.disambiguation.NerdEngine - relatedness - comparisons: 4255972 - cache proportion: 0.41594243372186135
Evaluating on article 11 / 100
 - evaluating 2330: Abbe number
18:02:33.510 [main] DEBUG com.scienceminer.nerd.disambiguation.NerdEngine - relatedness - comparisons: 4265068 - cache proportion: 0.4163161996700494
Evaluating on article 12 / 100
 - evaluating 3112: Arianespace
18:02:36.831 [main] DEBUG com.scienceminer.nerd.disambiguation.NerdEngine - relatedness - comparisons: 4281614 - cache proportion: 0.4165454660664438
Evaluating on article 13 / 100
 - evaluating 3615: Politics of Botswana
18:02:41.320 [main] DEBUG com.scienceminer.nerd.disambiguation.NerdEngine - relatedness - comparisons: 4297739 - cache proportion: 0.41680380118288274
Evaluating on article 14 / 100
 - evaluating 3618: Transport in Botswana
18:02:43.997 [main] DEBUG com.scienceminer.nerd.disambiguation.NerdEngine - relatedness - comparisons: 4307612 - cache proportion: 0.41676280972880686
Evaluating on article 15 / 100
 - evaluating 3860: National League Championship Series
18:02:47.248 [main] DEBUG com.scienceminer.nerd.disambiguation.NerdEngine - relatedness - comparisons: 4313550 - cache proportion: 0.417220065879647
Evaluating on article 16 / 100
 - evaluating 3861: American League Championship Series
18:02:51.051 [main] DEBUG com.scienceminer.nerd.disambiguation.NerdEngine - relatedness - comparisons: 4316018 - cache proportion: 0.41782835234240834
Evaluating on article 17 / 100
 - evaluating 3863: National League Division Series
18:02:56.522 [main] DEBUG com.scienceminer.nerd.disambiguation.NerdEngine - relatedness - comparisons: 4326105 - cache proportion: 0.4190000112812794
Evaluating on article 18 / 100
 - evaluating 4132: Branco River
18:02:59.058 [main] DEBUG com.scienceminer.nerd.disambiguation.NerdEngine - relatedness - comparisons: 4331195 - cache proportion: 0.41889799254462656
Evaluating on article 19 / 100
 - evaluating 4389: Book of Lamentations
18:03:02.480 [main] DEBUG com.scienceminer.nerd.disambiguation.NerdEngine - relatedness - comparisons: 4348867 - cache proportion: 0.41897320915626823
Evaluating on article 20 / 100
 - evaluating 5409: Commelinales
18:03:03.773 [main] DEBUG com.scienceminer.nerd.disambiguation.NerdEngine - relatedness - comparisons: 4352828 - cache proportion: 0.41911221679433897
Evaluating on article 21 / 100
 - evaluating 5411: Cucurbitales
18:03:07.138 [main] DEBUG com.scienceminer.nerd.disambiguation.NerdEngine - relatedness - comparisons: 4367709 - cache proportion: 0.41952001952073714
Evaluating on article 22 / 100
 - evaluating 5653: Clarke's three laws
18:03:10.459 [main] DEBUG com.scienceminer.nerd.disambiguation.NerdEngine - relatedness - comparisons: 4381294 - cache proportion: 0.419572846999548
Evaluating on article 23 / 100
 - evaluating 5916: Circumference
18:03:11.670 [main] DEBUG com.scienceminer.nerd.disambiguation.NerdEngine - relatedness - comparisons: 4385353 - cache proportion: 0.4195979573610231
Evaluating on article 24 / 100
 - evaluating 5926: Computation
18:03:13.724 [main] DEBUG com.scienceminer.nerd.disambiguation.NerdEngine - relatedness - comparisons: 4397481 - cache proportion: 0.4198126874154948
Evaluating on article 25 / 100
 - evaluating 6183: Teochew cuisine
18:03:16.982 [main] DEBUG com.scienceminer.nerd.disambiguation.NerdEngine - relatedness - comparisons: 4412550 - cache proportion: 0.41984528681735134
Evaluating on article 26 / 100
 - evaluating 6423: Calorie
18:03:20.069 [main] DEBUG com.scienceminer.nerd.disambiguation.NerdEngine - relatedness - comparisons: 4425471 - cache proportion: 0.42021151577131965
Evaluating on article 27 / 100
 - evaluating 6426: Corcovado
18:03:22.987 [main] DEBUG com.scienceminer.nerd.disambiguation.NerdEngine - relatedness - comparisons: 4437856 - cache proportion: 0.4201250573948475
Evaluating on article 28 / 100
 - evaluating 6431: Charles Farrar Browne
18:03:28.178 [main] DEBUG com.scienceminer.nerd.disambiguation.NerdEngine - relatedness - comparisons: 4456456 - cache proportion: 0.4199502634817177
Evaluating on article 29 / 100
 - evaluating 6436: Chamaeleon
18:03:30.401 [main] DEBUG com.scienceminer.nerd.disambiguation.NerdEngine - relatedness - comparisons: 4464788 - cache proportion: 0.42002528887749235
Evaluating on article 30 / 100
 - evaluating 6693: Cofinality
18:03:32.309 [main] DEBUG com.scienceminer.nerd.disambiguation.NerdEngine - relatedness - comparisons: 4473031 - cache proportion: 0.42115388995348557
Evaluating on article 31 / 100
 - evaluating 6945: Chrominance
18:03:34.321 [main] DEBUG com.scienceminer.nerd.disambiguation.NerdEngine - relatedness - comparisons: 4482302 - cache proportion: 0.421801540881501
Evaluating on article 32 / 100
 - evaluating 7193: Commutator
18:03:36.845 [main] DEBUG com.scienceminer.nerd.disambiguation.NerdEngine - relatedness - comparisons: 4495946 - cache proportion: 0.42250653669824934
Evaluating on article 33 / 100
 - evaluating 7198: Characteristic subgroup
18:03:38.908 [main] DEBUG com.scienceminer.nerd.disambiguation.NerdEngine - relatedness - comparisons: 4503441 - cache proportion: 0.42378199980653863
Evaluating on article 34 / 100
 - evaluating 7450: Context menu
18:03:41.505 [main] DEBUG com.scienceminer.nerd.disambiguation.NerdEngine - relatedness - comparisons: 4519226 - cache proportion: 0.42419136633485743
Evaluating on article 35 / 100
 - evaluating 8729: David Deutsch
18:03:45.457 [main] DEBUG com.scienceminer.nerd.disambiguation.NerdEngine - relatedness - comparisons: 4536245 - cache proportion: 0.4242206232881294
Evaluating on article 36 / 100
 - evaluating 8735: BIND
18:03:52.529 [main] DEBUG com.scienceminer.nerd.disambiguation.NerdEngine - relatedness - comparisons: 4552059 - cache proportion: 0.424643057704444
Evaluating on article 37 / 100
 - evaluating 9241: Euglenozoa
18:04:00.820 [main] DEBUG com.scienceminer.nerd.disambiguation.NerdEngine - relatedness - comparisons: 4561709 - cache proportion: 0.425941835716523
Evaluating on article 38 / 100
 - evaluating 9765: Equuleus
18:04:07.712 [main] DEBUG com.scienceminer.nerd.disambiguation.NerdEngine - relatedness - comparisons: 4572786 - cache proportion: 0.4259494058618418
Evaluating on article 39 / 100
 - evaluating 10017: Ettore Ximenes
18:04:13.825 [main] DEBUG com.scienceminer.nerd.disambiguation.NerdEngine - relatedness - comparisons: 4591778 - cache proportion: 0.4257322892628257
Evaluating on article 40 / 100
 - evaluating 10263: Executive (government)
18:04:17.925 [main] DEBUG com.scienceminer.nerd.disambiguation.NerdEngine - relatedness - comparisons: 4596917 - cache proportion: 0.42581988580141983
Evaluating on article 41 / 100
 - evaluating 10530: Environmental skepticism
18:04:21.892 [main] DEBUG com.scienceminer.nerd.disambiguation.NerdEngine - relatedness - comparisons: 4612573 - cache proportion: 0.42564638507244645
Evaluating on article 42 / 100
 - evaluating 12066: Foreign relations of Georgia
18:04:26.646 [main] DEBUG com.scienceminer.nerd.disambiguation.NerdEngine - relatedness - comparisons: 4622118 - cache proportion: 0.4255693888746245
Evaluating on article 43 / 100
 - evaluating 12308: Gregory Chaitin
18:04:30.268 [main] DEBUG com.scienceminer.nerd.disambiguation.NerdEngine - relatedness - comparisons: 4636653 - cache proportion: 0.42563888674862016
Evaluating on article 44 / 100
 - evaluating 12312: Gestation
18:04:32.432 [main] DEBUG com.scienceminer.nerd.disambiguation.NerdEngine - relatedness - comparisons: 4645495 - cache proportion: 0.4258877153556756
Evaluating on article 45 / 100
 - evaluating 12571: Galaxy groups and clusters
18:04:36.464 [main] DEBUG com.scienceminer.nerd.disambiguation.NerdEngine - relatedness - comparisons: 4665597 - cache proportion: 0.42676562468900026
Evaluating on article 46 / 100
 - evaluating 12577: Giga-
18:04:40.220 [main] DEBUG com.scienceminer.nerd.disambiguation.NerdEngine - relatedness - comparisons: 4675412 - cache proportion: 0.42675774305414216
Evaluating on article 47 / 100
 - evaluating 12823: Garbage in, garbage out
18:04:42.639 [main] DEBUG com.scienceminer.nerd.disambiguation.NerdEngine - relatedness - comparisons: 4683982 - cache proportion: 0.42668140034218094
Evaluating on article 48 / 100
 - evaluating 14871: International Hydrographic Organization
18:04:47.380 [main] DEBUG com.scienceminer.nerd.disambiguation.NerdEngine - relatedness - comparisons: 4703084 - cache proportion: 0.4268226604167119
Evaluating on article 49 / 100
 - evaluating 15392: Imperial Conference
18:04:50.242 [main] DEBUG com.scienceminer.nerd.disambiguation.NerdEngine - relatedness - comparisons: 4711068 - cache proportion: 0.42704228928753596
Evaluating on article 50 / 100
 - evaluating 16417: Jan Długosz
18:04:53.784 [main] DEBUG com.scienceminer.nerd.disambiguation.NerdEngine - relatedness - comparisons: 4724458 - cache proportion: 0.426871306990085
Evaluating on article 51 / 100
 - evaluating 16932: Kamov Ka-25
18:05:02.079 [main] DEBUG com.scienceminer.nerd.disambiguation.NerdEngine - relatedness - comparisons: 4749894 - cache proportion: 0.4266630101032681
Evaluating on article 52 / 100
 - evaluating 17176: KISS principle
18:05:05.761 [main] DEBUG com.scienceminer.nerd.disambiguation.NerdEngine - relatedness - comparisons: 4763875 - cache proportion: 0.4265059669502752
Evaluating on article 53 / 100
 - evaluating 17190: Kipchoge Keino
18:05:10.780 [main] DEBUG com.scienceminer.nerd.disambiguation.NerdEngine - relatedness - comparisons: 4779478 - cache proportion: 0.42649379285717204
Evaluating on article 54 / 100
 - evaluating 17442: Katsuhiro Otomo
18:05:15.710 [main] DEBUG com.scienceminer.nerd.disambiguation.NerdEngine - relatedness - comparisons: 4797250 - cache proportion: 0.4264767662865774
Evaluating on article 55 / 100
 - evaluating 17445: Kittiwake
18:05:19.648 [main] DEBUG com.scienceminer.nerd.disambiguation.NerdEngine - relatedness - comparisons: 4807722 - cache proportion: 0.4268098262494313
Evaluating on article 56 / 100
 - evaluating 17687: False dilemma
18:05:23.263 [main] DEBUG com.scienceminer.nerd.disambiguation.NerdEngine - relatedness - comparisons: 4824343 - cache proportion: 0.4266942096904607
Evaluating on article 57 / 100
 - evaluating 17688: Loaded question
18:05:25.511 [main] DEBUG com.scienceminer.nerd.disambiguation.NerdEngine - relatedness - comparisons: 4835261 - cache proportion: 0.426655873122177
Evaluating on article 58 / 100
 - evaluating 17689: Ignoratio elenchi
18:05:27.663 [main] DEBUG com.scienceminer.nerd.disambiguation.NerdEngine - relatedness - comparisons: 4845452 - cache proportion: 0.42647979266663316
Evaluating on article 59 / 100
 - evaluating 17694: No true Scotsman
18:05:29.061 [main] DEBUG com.scienceminer.nerd.disambiguation.NerdEngine - relatedness - comparisons: 4851897 - cache proportion: 0.4264753442994079
Evaluating on article 60 / 100
 - evaluating 17949: Fibonacci
18:05:33.963 [main] DEBUG com.scienceminer.nerd.disambiguation.NerdEngine - relatedness - comparisons: 4871554 - cache proportion: 0.4266517871223994
Evaluating on article 61 / 100
 - evaluating 18968: Malvales
18:05:37.200 [main] DEBUG com.scienceminer.nerd.disambiguation.NerdEngine - relatedness - comparisons: 4883418 - cache proportion: 0.4267673785661983
Evaluating on article 62 / 100
 - evaluating 18969: Myrtales
18:05:39.143 [main] DEBUG com.scienceminer.nerd.disambiguation.NerdEngine - relatedness - comparisons: 4889475 - cache proportion: 0.4267871097894407
Evaluating on article 63 / 100
 - evaluating 18974: Mississippian (geology)
18:05:41.377 [main] DEBUG com.scienceminer.nerd.disambiguation.NerdEngine - relatedness - comparisons: 4896881 - cache proportion: 0.4268058862625079
Evaluating on article 64 / 100
 - evaluating 19736: Muspelheim
18:05:44.504 [main] DEBUG com.scienceminer.nerd.disambiguation.NerdEngine - relatedness - comparisons: 4911824 - cache proportion: 0.4265672774395405
Evaluating on article 65 / 100
 - evaluating 19738: Metrization theorem
18:05:46.756 [main] DEBUG com.scienceminer.nerd.disambiguation.NerdEngine - relatedness - comparisons: 4920677 - cache proportion: 0.42708679954406115
Evaluating on article 66 / 100
 - evaluating 20759: Major scale
18:05:48.998 [main] DEBUG com.scienceminer.nerd.disambiguation.NerdEngine - relatedness - comparisons: 4928482 - cache proportion: 0.42762977121133894
Evaluating on article 67 / 100
 - evaluating 21267: Nasjonal Samling
18:05:54.200 [main] DEBUG com.scienceminer.nerd.disambiguation.NerdEngine - relatedness - comparisons: 4949443 - cache proportion: 0.42746746492467635
Evaluating on article 68 / 100
 - evaluating 21797: Nahum
18:05:57.359 [main] DEBUG com.scienceminer.nerd.disambiguation.NerdEngine - relatedness - comparisons: 4960096 - cache proportion: 0.4274011198016445
Evaluating on article 69 / 100
 - evaluating 22551: Oaths of Strasbourg
18:06:01.123 [main] DEBUG com.scienceminer.nerd.disambiguation.NerdEngine - relatedness - comparisons: 4975230 - cache proportion: 0.427438656196778
Evaluating on article 70 / 100
 - evaluating 23329: Pythonidae
18:06:04.549 [main] DEBUG com.scienceminer.nerd.disambiguation.NerdEngine - relatedness - comparisons: 4987453 - cache proportion: 0.427419729803856
Evaluating on article 71 / 100
 - evaluating 23580: Paleogene
18:06:08.014 [main] DEBUG com.scienceminer.nerd.disambiguation.NerdEngine - relatedness - comparisons: 5004317 - cache proportion: 0.4274221774267827
Evaluating on article 72 / 100
 - evaluating 23829: Pope Adrian V
18:06:11.467 [main] DEBUG com.scienceminer.nerd.disambiguation.NerdEngine - relatedness - comparisons: 5018260 - cache proportion: 0.4271756921392099
Evaluating on article 73 / 100
 - evaluating 23830: Pope John XXI
18:06:17.419 [main] DEBUG com.scienceminer.nerd.disambiguation.NerdEngine - relatedness - comparisons: 5037865 - cache proportion: 0.42693556901942953
Evaluating on article 74 / 100
 - evaluating 23835: Pope Anastasius II
18:06:21.360 [main] DEBUG com.scienceminer.nerd.disambiguation.NerdEngine - relatedness - comparisons: 5050165 - cache proportion: 0.4272719859982216
Evaluating on article 75 / 100
 - evaluating 23843: Plutino
18:06:23.999 [main] DEBUG com.scienceminer.nerd.disambiguation.NerdEngine - relatedness - comparisons: 5062304 - cache proportion: 0.42744072665193844
Evaluating on article 76 / 100
 - evaluating 24099: Pope Clement II
18:06:29.016 [main] DEBUG com.scienceminer.nerd.disambiguation.NerdEngine - relatedness - comparisons: 5079545 - cache proportion: 0.42751673170230864
Evaluating on article 77 / 100
 - evaluating 24100: Pope Clement III
18:06:32.887 [main] DEBUG com.scienceminer.nerd.disambiguation.NerdEngine - relatedness - comparisons: 5091953 - cache proportion: 0.4273400633867974
Evaluating on article 78 / 100
 - evaluating 24347: Pope Sergius IV
18:06:35.758 [main] DEBUG com.scienceminer.nerd.disambiguation.NerdEngine - relatedness - comparisons: 5100144 - cache proportion: 0.42741686411807
Evaluating on article 79 / 100
 - evaluating 24353: Pacific Beach, San Diego
18:06:44.310 [main] DEBUG com.scienceminer.nerd.disambiguation.NerdEngine - relatedness - comparisons: 5127037 - cache proportion: 0.4275933090416717
Evaluating on article 80 / 100
 - evaluating 24857: Phenothiazine
18:06:48.605 [main] DEBUG com.scienceminer.nerd.disambiguation.NerdEngine - relatedness - comparisons: 5144265 - cache proportion: 0.42763104532174234
Evaluating on article 81 / 100
 - evaluating 25117: Puget Sound Naval Shipyard and Intermediate Maintenance Facility
18:06:54.002 [main] DEBUG com.scienceminer.nerd.disambiguation.NerdEngine - relatedness - comparisons: 5162228 - cache proportion: 0.4285318289395217
Evaluating on article 82 / 100
 - evaluating 25119: Poeciliidae
18:06:57.687 [main] DEBUG com.scienceminer.nerd.disambiguation.NerdEngine - relatedness - comparisons: 5173147 - cache proportion: 0.42876298180121275
Evaluating on article 83 / 100
 - evaluating 25121: Polymath
18:07:02.587 [main] DEBUG com.scienceminer.nerd.disambiguation.NerdEngine - relatedness - comparisons: 5192601 - cache proportion: 0.4288191619991347
Evaluating on article 84 / 100
 - evaluating 25877: Anastasios II
18:07:05.786 [main] DEBUG com.scienceminer.nerd.disambiguation.NerdEngine - relatedness - comparisons: 5204600 - cache proportion: 0.428667528323473
Evaluating on article 85 / 100
 - evaluating 25886: Rán
18:07:07.535 [main] DEBUG com.scienceminer.nerd.disambiguation.NerdEngine - relatedness - comparisons: 5210573 - cache proportion: 0.42876019731807735
Evaluating on article 86 / 100
 - evaluating 26137: Rabbinical Assembly
18:07:12.938 [main] DEBUG com.scienceminer.nerd.disambiguation.NerdEngine - relatedness - comparisons: 5228831 - cache proportion: 0.4292439360802407
Evaluating on article 87 / 100
 - evaluating 26151: Raven
18:07:15.297 [main] DEBUG com.scienceminer.nerd.disambiguation.NerdEngine - relatedness - comparisons: 5234107 - cache proportion: 0.4294098229767628
Evaluating on article 88 / 100
 - evaluating 26392: Run-length encoding
18:07:18.069 [main] DEBUG com.scienceminer.nerd.disambiguation.NerdEngine - relatedness - comparisons: 5248623 - cache proportion: 0.42982448326372835
Evaluating on article 89 / 100
 - evaluating 26899: Spearmint
18:07:21.721 [main] DEBUG com.scienceminer.nerd.disambiguation.NerdEngine - relatedness - comparisons: 5261439 - cache proportion: 0.42988544481695223
Evaluating on article 90 / 100
 - evaluating 26902: Satureja
18:07:28.065 [main] DEBUG com.scienceminer.nerd.disambiguation.NerdEngine - relatedness - comparisons: 5275109 - cache proportion: 0.4302359692430989
Evaluating on article 91 / 100
 - evaluating 26912: Sapindales
18:07:29.492 [main] DEBUG com.scienceminer.nerd.disambiguation.NerdEngine - relatedness - comparisons: 5277481 - cache proportion: 0.43035078213038236
Evaluating on article 92 / 100
 - evaluating 27924: Sharp-P
18:07:30.802 [main] DEBUG com.scienceminer.nerd.disambiguation.NerdEngine - relatedness - comparisons: 5286217 - cache proportion: 0.4305731736217334
Evaluating on article 93 / 100
 - evaluating 27925: Sharp-P-complete
18:07:32.294 [main] DEBUG com.scienceminer.nerd.disambiguation.NerdEngine - relatedness - comparisons: 5293873 - cache proportion: 0.4312555865921788
Evaluating on article 94 / 100
 - evaluating 28452: Summary offence
18:07:36.334 [main] DEBUG com.scienceminer.nerd.disambiguation.NerdEngine - relatedness - comparisons: 5308396 - cache proportion: 0.4321805933205972
Evaluating on article 95 / 100
 - evaluating 28710: Smelt (fish)
18:07:42.353 [main] DEBUG com.scienceminer.nerd.disambiguation.NerdEngine - relatedness - comparisons: 5330858 - cache proportion: 0.43223935407118974
Evaluating on article 96 / 100
 - evaluating 28957: Southern blot
18:07:46.466 [main] DEBUG com.scienceminer.nerd.disambiguation.NerdEngine - relatedness - comparisons: 5349998 - cache proportion: 0.43270043178405704
Evaluating on article 97 / 100
 - evaluating 31006: Phenotypic trait
18:07:51.944 [main] DEBUG com.scienceminer.nerd.disambiguation.NerdEngine - relatedness - comparisons: 5364769 - cache proportion: 0.43264299281281593
Evaluating on article 98 / 100
 - evaluating 31256: Tax law
18:07:56.575 [main] DEBUG com.scienceminer.nerd.disambiguation.NerdEngine - relatedness - comparisons: 5376770 - cache proportion: 0.4329336524030952
Evaluating on article 99 / 100
 - evaluating 31261: Twinkle, Twinkle, Little Star
18:07:59.698 [main] DEBUG com.scienceminer.nerd.disambiguation.NerdEngine - relatedness - comparisons: 5386615 - cache proportion: 0.43296282572492684
Evaluating on article 100 / 100
 - evaluating 32543: Volvox
18:08:02.354 [main] DEBUG com.scienceminer.nerd.disambiguation.NerdEngine - relatedness - comparisons: 5400269 - cache proportion: 0.4330259577184421

Evaluation on 100 articles

-- Macro-average --
precision: 0.5053
recall: 0.8018
f1-score: 0.6084

-- Micro-average --
precision: 0.4805
recall: 0.8058
f1-score: 0.602

lower precision in evaluation set: 0.2125
lower recall in evalution set : 0.5
perfect precision in evaluation set: 0 / 100
perfect recall in evaluation set: 0 / 100

--------------------------- evaluating end-to-end ---------------------------
Evaluating on article 1 / 100
 - evaluating 809: Anaconda
18:08:05.677 [main] DEBUG com.scienceminer.nerd.disambiguation.NerdEngine - relatedness - comparisons: 5412749 - cache proportion: 0.43292844802930097
Evaluating on article 2 / 100
 - evaluating 1331: Arabian Prince
18:08:07.496 [main] DEBUG com.scienceminer.nerd.disambiguation.NerdEngine - relatedness - comparisons: 5420504 - cache proportion: 0.4328503941951043
Evaluating on article 3 / 100
 - evaluating 1336: Apache Software Foundation
18:08:11.891 [main] DEBUG com.scienceminer.nerd.disambiguation.NerdEngine - relatedness - comparisons: 5439631 - cache proportion: 0.4328004354386137
Evaluating on article 4 / 100
 - evaluating 1585: Alexander I of Epirus
18:08:14.579 [main] DEBUG com.scienceminer.nerd.disambiguation.NerdEngine - relatedness - comparisons: 5444099 - cache proportion: 0.43276495901530454
Evaluating on article 5 / 100
 - evaluating 1586: Alexander Balas
18:08:16.981 [main] DEBUG com.scienceminer.nerd.disambiguation.NerdEngine - relatedness - comparisons: 5452204 - cache proportion: 0.43273612281739815
Evaluating on article 6 / 100
 - evaluating 1588: Alexander II of Epirus
18:08:18.990 [main] DEBUG com.scienceminer.nerd.disambiguation.NerdEngine - relatedness - comparisons: 5459081 - cache proportion: 0.43267280203723457
Evaluating on article 7 / 100NerdRanker - building model
 - evaluating 1589: Alexander Jagiellon
18:08:22.894 [main] DEBUG com.sciencemineInternational Bluegrass Music Hall of Famer.nerd.disambiguation.NerdEngine - relatedness - comparisons: 5470541 - cache proportion: 0.43267221465975214
Evaluating on article 8 / 100
 - evaluating 1595: Alexander I of Serbia
18:08:30.274 [main] DEBUG com.scienceminer.nerd.disambiguation.NerdEngine - relatedness - comparisons: 5493289 - cache proportion: 0.4326431078078371
Evaluating on article 9 / 100
 - evaluating 1835: Affix
18:08:35.136 [main] DEBUG com.scienceminer.nerd.disambiguation.NerdEngine - relatedness - comparisons: 5508706 - cache proportion: 0.43289231296955655
Evaluating on article 10 / 100
 - evaluating 1840: Agathocles of Syracuse
18:08:38.368 [main] DEBUG com.scienceminer.nerd.disambiguation.NerdEngine - relatedness - comparisons: 5521289 - cache proportion: 0.43285281570088574
Evaluating on article 11 / 100
 - evaluating 1851: Antiprism
18:08:40.515 [main] DEBUG com.scienceminer.nerd.disambiguation.NerdEngine - relatedness - comparisons: 5531571 - cache proportion: 0.43318178753407377
Evaluating on article 12 / 100
 - evaluating 2093: Abimelech
18:08:42.430 [main] DEBUG com.scienceminer.nerd.disambiguation.NerdEngine - relatedness - comparisons: 5537394 - cache proportion: 0.4331456305670516
Evaluating on article 13 / 100
 - evaluating 2106: Ansible
18:08:44.276 [main] DEBUG com.scienceminer.nerd.disambiguation.NerdEngine - relatedness - comparisons: 5547357 - cache proportion: 0.4330413518972831
Evaluating on article 14 / 100
 - evaluating 2346: Albion, Michigan
18:08:51.030 [main] DEBUG com.scienceminer.nerd.disambiguation.NerdEngine - relatedness - comparisons: 5569089 - cache proportion: 0.4331076726006353
Evaluating on article 15 / 100
 - evaluating 2360: Abu Nidal Organization
18:08:55.597 [main] DEBUG com.scienceminer.nerd.disambiguation.NerdEngine - relatedness - comparisons: 5579720 - cache proportion: 0.4331065713560588
Evaluating on article 16 / 100
 - evaluating 2602: Abano Terme
18:08:58.259 [main] DEBUG com.scienceminer.nerd.disambiguation.NerdEngine - relatedness - comparisons: 5590267 - cache proportion: 0.4329820897841642
Evaluating on article 17 / 100
 - evaluating 2607: Antoine Thomson d'Abbadie
18:09:03.967 [main] DEBUG com.scienceminer.nerd.disambiguation.NerdEngine - relatedness - comparisons: 5610361 - cache proportion: 0.43293520736356506
Evaluating on article 18 / 100
 - evaluating 2616: Adware
18:09:08.321 [main] DEBUG com.scienceminer.nerd.disambiguation.NerdEngine - relatedness - comparisons: 5628388 - cache proportion: 0.433043736834386
Evaluating on article 19 / 100
 - evaluating 2618: Aeacus
18:09:11.500 [main] DEBUG com.scienceminer.nerd.disambiguation.NerdEngine - relatedness - comparisons: 5640956 - cache proportion: 0.4329190590946981
Evaluating on article 20 / 100
 - evaluating 2621: Aedicula
18:09:15.084 [main] DEBUG com.scienceminer.nerd.disambiguation.NerdEngine - relatedness - comparisons: 5653954 - cache proportion: 0.432784803485021
Evaluating on article 21 / 100
 - evaluating 2622: Aedui
18:09:18.733 [main] DEBUG com.scienceminer.nerd.disambiguation.NerdEngine - relatedness - comparisons: 5669130 - cache proportion: 0.43253979812733423
Evaluating on article 22 / 100
 - evaluating 2865: Andrzej Sapkowski
18:09:25.431 [main] DEBUG com.scienceminer.nerd.disambiguation.NerdEngine - relatedness - comparisons: 5686958 - cache proportion: 0.43272041348772794
Evaluating on article 23 / 100
 - evaluating 3120: Andersonville, Georgia
18:09:30.895 [main] DEBUG com.scienceminer.nerd.disambiguation.NerdEngine - relatedness - comparisons: 5700504 - cache proportion: 0.43292363201191353
Evaluating on article 24 / 100
 - evaluating 3123: Amakusa
18:09:33.811 [main] DEBUG com.scienceminer.nerd.disambiguation.NerdEngine - relatedness - comparisons: 5710916 - cache proportion: 0.43277804489988847
Evaluating on article 25 / 100
 - evaluating 3129: Algebraic closure
18:09:35.728 [main] DEBUG com.scienceminer.nerd.disambiguation.NerdEngine - relatedness - comparisons: 5717637 - cache proportion: 0.4334946592236204
Evaluating on article 26 / 100
 - evaluating 3130: Advanced Power Management
18:09:39.033 [main] DEBUG com.scienceminer.nerd.disambiguation.NerdEngine - relatedness - comparisons: 5728319 - cache proportion: 0.43415207797756195
Evaluating on article 27 / 100
 - evaluating 3132: Adolphe Sax
18:09:43.136 [main] DEBUG com.scienceminer.nerd.disambiguation.NerdEngine - relatedness - comparisons: 5744220 - cache proportion: 0.43416260208250523
Evaluating on article 28 / 100
 - evaluating 4158: Bill Atkinson
18:09:46.102 [main] DEBUG com.scienceminer.nerd.disambiguation.NerdEngine - relatedness - comparisons: 5757026 - cache proportion: 0.4341652746920087
Evaluating on article 29 / 100
 - evaluating 4407: Bubble and squeak
18:09:48.565 [main] DEBUG com.scienceminer.nerd.disambiguation.NerdEngine - relatedness - comparisons: 5763715 - cache proportion: 0.4341561937680867
Evaluating on article 30 / 100
 - evaluating 5679: Christian Social Union in Bavaria
18:09:55.079 [main] DEBUG com.scienceminer.nerd.disambiguation.NerdEngine - relatedness - comparisons: 5781056 - cache proportion: 0.43470533384233156
Evaluating on article 31 / 100
 - evaluating 6955: Chalcedonian Definition
18:09:59.929 [main] DEBUG com.scienceminer.nerd.disambiguation.NerdEngine - relatedness - comparisons: 5793715 - cache proportion: 0.4348071538164978
Evaluating on article 32 / 100
 - evaluating 7477: Cuitláhuac
18:10:01.767 [main] DEBUG com.scienceminer.nerd.disambiguation.NerdEngine - relatedness - comparisons: 5799163 - cache proportion: 0.43481716863932574
Evaluating on article 33 / 100
 - evaluating 8495: Data set
18:10:04.877 [main] DEBUG com.scienceminer.nerd.disambiguation.NerdEngine - relatedness - comparisons: 5814335 - cache proportion: 0.4350431830868632
Evaluating on article 34 / 100
 - evaluating 8508: Slalom skiing
18:10:09.723 [main] DEBUG com.scienceminer.nerd.disambiguation.NerdEngine - relatedness - comparisons: 5835056 - cache proportion: 0.43514560954560877
Evaluating on article 35 / 100
 - evaluating 9001: Degree Confluence Project
18:10:12.095 [main] DEBUG com.scienceminer.nerd.disambiguation.NerdEngine - relatedness - comparisons: 5843240 - cache proportion: 0.43518302730429437
Evaluating on article 36 / 100
 - evaluating 9011: Dual Alliance (1879)
18:10:16.783 [main] DEBUG com.scienceminer.nerd.disambiguation.NerdEngine - relatedness - comparisons: 5854920 - cache proportion: 0.43527077809947257
Evaluating on article 37 / 100
 - evaluating 10302: Ethnologue
18:10:21.042 [main] DEBUG com.scienceminer.nerd.disambiguation.NerdEngine - relatedness - comparisons: 5871455 - cache proportion: 0.43540927828280795
Evaluating on article 38 / 100
 - evaluating 10799: Film theory
18:10:26.509 [main] DEBUG com.scienceminer.nerd.disambiguation.NerdEngine - relatedness - comparisons: 5890493 - cache proportion: 0.4353076323625432
Evaluating on article 39 / 100
 - evaluating 11563: Federal jurisdiction (United States)
18:10:33.636 [main] DEBUG com.scienceminer.nerd.disambiguation.NerdEngine - relatedness - comparisons: 5908313 - cache proportion: 0.4358525904003583
Evaluating on article 40 / 100
 - evaluating 11824: Frederick Augustus II of Saxony
18:10:39.711 [main] DEBUG com.scienceminer.nerd.disambiguation.NerdEngine - relatedness - comparisons: 5927219 - cache proportion: 0.43574418517645175
Evaluating on article 41 / 100
 - evaluating 12087: Glorioso Islands
18:10:43.243 [main] DEBUG com.scienceminer.nerd.disambiguation.NerdEngine - relatedness - comparisons: 5935880 - cache proportion: 0.43578728370378916
Evaluating on article 42 / 100
 - evaluating 12851: Governor of Victoria
18:10:52.347 [main] DEBUG com.scienceminer.nerd.disambiguation.NerdEngine - relatedness - comparisons: 5953378 - cache proportion: 0.4363709555106886
Evaluating on article 43 / 100
 - evaluating 12861: Governor of New York
18:11:00.235 [main] DEBUG com.scienceminer.nerd.disambiguation.NerdEngine - relatedness - comparisons: 5966165 - cache proportion: 0.436666802633373
Evaluating on article 44 / 100
 - evaluating 13114: Geoff Ryman
18:11:05.782 [main] DEBUG com.scienceminer.nerd.disambiguation.NerdEngine - relatedness - comparisons: 5979483 - cache proportion: 0.43675587416452744
Evaluating on article 45 / 100
 - evaluating 13865: Heart of Oak
18:11:11.568 [main] DEBUG com.scienceminer.nerd.disambiguation.NerdEngine - relatedness - comparisons: 5999605 - cache proportion: 0.4367989562822079
Evaluating on article 46 / 100
 - evaluating 13879: Henry J. Heinz
18:11:19.626 [main] DEBUG com.scienceminer.nerd.disambiguation.NerdEngine - relatedness - comparisons: 6018371 - cache proportion: 0.437126574554901
Evaluating on article 47 / 100
 - evaluating 14123: Heroic couplet
18:11:24.436 [main] DEBUG com.scienceminer.nerd.disambiguation.NerdEngine - relatedness - comparisons: 6031307 - cache proportion: 0.43694833127299215
Evaluating on article 48 / 100
 - evaluating 14386: Hydroxy group
18:11:27.318 [main] DEBUG com.scienceminer.nerd.disambiguation.NerdEngine - relatedness - comparisons: 6042358 - cache proportion: 0.43696055733315886
Evaluating on article 49 / 100
 - evaluating 14387: Warm-blooded
18:11:30.374 [main] DEBUG com.scienceminer.nerd.disambiguation.NerdEngine - relatedness - comparisons: 6056637 - cache proportion: 0.43721583829202193
Evaluating on article 50 / 100
 - evaluating 14645: Demographics of Indonesia
18:11:34.489 [main] DEBUG com.scienceminer.nerd.disambiguation.NerdEngine - relatedness - comparisons: 6069540 - cache proportion: 0.43763158055662577
Evaluating on article 51 / 100
 - evaluating 14900: ISO 3166
18:11:37.845 [main] DEBUG com.scienceminer.nerd.disambiguation.NerdEngine - relatedness - comparisons: 6079439 - cache proportion: 0.43820279645576754
Evaluating on article 52 / 100
 - evaluating 15402: International standard
18:11:42.059 [main] DEBUG com.scienceminer.nerd.disambiguation.NerdEngine - relatedness - comparisons: 6097683 - cache proportion: 0.438324698362472
Evaluating on article 53 / 100
 - evaluating 16427: James Scarlett, 1st Baron Abinger
18:11:46.855 [main] DEBUG com.scienceminer.nerd.disambiguation.NerdEngine - relatedness - comparisons: 6113598 - cache proportion: 0.43833321910615797
Evaluating on article 54 / 100
 - evaluating 16437: James Norris Memorial Trophy
18:11:50.057 [main] DEBUG com.scienceminer.nerd.disambiguation.NerdEngine - relatedness - comparisons: 6120246 - cache proportion: 0.4385658907261968
Evaluating on article 55 / 100
 - evaluating 16688: Government of Kuwait
18:11:56.541 [main] DEBUG com.scienceminer.nerd.disambiguation.NerdEngine - relatedness - comparisons: 6135698 - cache proportion: 0.4392563969134188
Evaluating on article 56 / 100
 - evaluating 17213: KornShell
18:12:00.485 [main] DEBUG com.scienceminer.nerd.disambiguation.NerdEngine - relatedness - comparisons: 6147581 - cache proportion: 0.43948659380833
Evaluating on article 57 / 100
 - evaluating 17449: Kimberly Beck
18:12:03.145 [main] DEBUG com.scienceminer.nerd.disambiguation.NerdEngine - relatedness - comparisons: 6157766 - cache proportion: 0.43926115159629053
Evaluating on article 58 / 100
 - evaluating 17466: Karen Kain
18:12:08.538 [main] DEBUG com.scienceminer.nerd.disambiguation.NerdEngine - relatedness - comparisons: 6176605 - cache proportion: 0.43921855278446653
Evaluating on article 59 / 100
 - evaluating 17974: Long gun
18:12:12.378 [main] DEBUG com.scienceminer.nerd.disambiguation.NerdEngine - relatedness - comparisons: 6189021 - cache proportion: 0.43946383978918335
Evaluating on article 60 / 100
 - evaluating 17981: Law of definite proportions
18:12:15.153 [main] DEBUG com.scienceminer.nerd.disambiguation.NerdEngine - relatedness - comparisons: 6200453 - cache proportion: 0.43964561078006925
Evaluating on article 61 / 100
 - evaluating 18492: Lexeme
18:12:17.072 [main] DEBUG com.scienceminer.nerd.disambiguation.NerdEngine - relatedness - comparisons: 6208467 - cache proportion: 0.43988110999490715
Evaluating on article 62 / 100
 - evaluating 18737: Landau
18:12:21.572 [main] DEBUG com.scienceminer.nerd.disambiguation.NerdEngine - relatedness - comparisons: 6224364 - cache proportion: 0.4397412303117554
Evaluating on article 63 / 100
 - evaluating 19248: Military of Moldova
18:12:27.730 [main] DEBUG com.scienceminer.nerd.disambiguation.NerdEngine - relatedness - comparisons: 6245457 - cache proportion: 0.43997189034976736
Evaluating on article 64 / 100
 - evaluating 19757: Mariotto Albertinelli
18:12:31.425 [main] DEBUG com.scienceminer.nerd.disambiguation.NerdEngine - relatedness - comparisons: 6260913 - cache proportion: 0.43987556315162
Evaluating on article 65 / 100
 - evaluating 20016: Myrinet
18:12:33.278 [main] DEBUG com.scienceminer.nerd.disambiguation.NerdEngine - relatedness - comparisons: 6269879 - cache proportion: 0.43981855488981725
Evaluating on article 66 / 100
 - evaluating 20285: Malachi
18:12:35.443 [main] DEBUG com.scienceminer.nerd.disambiguation.NerdEngine - relatedness - comparisons: 6280834 - cache proportion: 0.4398050066755138
Evaluating on article 67 / 100
 - evaluating 20286: Martin Fowler
18:12:38.233 [main] DEBUG com.scienceminer.nerd.disambiguation.NerdEngine - relatedness - comparisons: 6292157 - cache proportion: 0.4397185804789182
Evaluating on article 68 / 100
 - evaluating 21047: Military ordinariate
18:12:40.565 [main] DEBUG com.scienceminer.nerd.disambiguation.NerdEngine - relatedness - comparisons: 6297182 - cache proportion: 0.43982749640728713
Evaluating on article 69 / 100
 - evaluating 21288: Nicholas Lemann
18:12:46.132 [main] DEBUG com.scienceminer.nerd.disambiguation.NerdEngine - relatedness - comparisons: 6316887 - cache proportion: 0.4397685423123331
Evaluating on article 70 / 100
 - evaluating 21289: Nautical mile
18:12:49.474 [main] DEBUG com.scienceminer.nerd.disambiguation.NerdEngine - relatedness - comparisons: 6327154 - cache proportion: 0.4399561677010304
Evaluating on article 71 / 100
 - evaluating 21557: Niflheim
18:12:51.287 [main] DEBUG com.scienceminer.nerd.disambiguation.NerdEngine - relatedness - comparisons: 6333723 - cache proportion: 0.43999372949453197
Evaluating on article 72 / 100
 - evaluating 21561: Nanoengineering
18:12:53.698 [main] DEBUG com.scienceminer.nerd.disambiguation.NerdEngine - relatedness - comparisons: 6342877 - cache proportion: 0.44001912959292755
Evaluating on article 73 / 100
 - evaluating 21813: Naked News
18:12:59.804 [main] DEBUG com.scienceminer.nerd.disambiguation.NerdEngine - relatedness - comparisons: 6367343 - cache proportion: 0.44004962333559605
Evaluating on article 74 / 100
 - evaluating 21819: Papal diplomacy
18:13:04.953 [main] DEBUG com.scienceminer.nerd.disambiguation.NerdEngine - relatedness - comparisons: 6381771 - cache proportion: 0.44064610060159437
Evaluating on article 75 / 100
 - evaluating 21820: Newlyn School
18:13:07.949 [main] DEBUG com.scienceminer.nerd.disambiguation.NerdEngine - relatedness - comparisons: 6392812 - cache proportion: 0.4405088902014761
Evaluating on article 76 / 100
 - evaluating 22076: Nori
18:13:13.282 [main] DEBUG com.scienceminer.nerd.disambiguation.NerdEngine - relatedness - comparisons: 6414030 - cache proportion: 0.4404179170470117
Evaluating on article 77 / 100
 - evaluating 22315: Oligarchy
18:13:19.659 [main] DEBUG com.scienceminer.nerd.disambiguation.NerdEngine - relatedness - comparisons: 6435614 - cache proportion: 0.4402620941211035
Evaluating on article 78 / 100
 - evaluating 22323: Transport in Oman
18:13:23.625 [main] DEBUG com.scienceminer.nerd.disambiguation.NerdEngine - relatedness - comparisons: 6448759 - cache proportion: 0.4403177558689203
Evaluating on article 79 / 100
 - evaluating 22827: Ovo-lacto vegetarianism
18:13:26.038 [main] DEBUG com.scienceminer.nerd.disambiguation.NerdEngine - relatedness - comparisons: 6455534 - cache proportion: 0.44050620163389875
Evaluating on article 80 / 100
 - evaluating 22830: Ostwald process
18:13:27.763 [main] DEBUG com.scienceminer.nerd.disambiguation.NerdEngine - relatedness - comparisons: 6461673 - cache proportion: 0.44055205466832803
Evaluating on article 81 / 100
 - evaluating 23342: P
18:13:30.196 [main] DEBUG com.scienceminer.nerd.disambiguation.NerdEngine - relatedness - comparisons: 6469468 - cache proportion: 0.44068257898522656
Evaluating on article 82 / 100
 - evaluating 23852: Pope Honorius I
18:13:33.506 [main] DEBUG com.scienceminer.nerd.disambiguation.NerdEngine - relatedness - comparisons: 6483188 - cache proportion: 0.44075254254832785
Evaluating on article 83 / 100
 - evaluating 24380: Pope Zachary
18:13:37.757 [main] DEBUG com.scienceminer.nerd.disambiguation.NerdEngine - relatedness - comparisons: 6497799 - cache proportion: 0.4408638911500937
Evaluating on article 84 / 100
 - evaluating 24622: Pacta sunt servanda
18:13:39.753 [main] DEBUG com.scienceminer.nerd.disambiguation.NerdEngine - relatedness - comparisons: 6505015 - cache proportion: 0.4409429092731071
Evaluating on article 85 / 100
 - evaluating 24637: Pentium FDIV bug
18:13:43.423 [main] DEBUG com.scienceminer.nerd.disambiguation.NerdEngine - relatedness - comparisons: 6523079 - cache proportion: 0.4411079448846402
Evaluating on article 86 / 100
 - evaluating 25130: Ponte Vecchio
18:13:48.609 [main] DEBUG com.scienceminer.nerd.disambiguation.NerdEngine - relatedness - comparisons: 6548298 - cache proportion: 0.4408687077217829
Evaluating on article 87 / 100
 - evaluating 26167: Robert Calvert
18:13:54.743 [main] DEBUG com.scienceminer.nerd.disambiguation.NerdEngine - relatedness - comparisons: 6574589 - cache proportion: 0.4406912314554158
Evaluating on article 88 / 100
 - evaluating 26429: Redshirt (character)
18:13:58.418 [main] DEBUG com.scienceminer.nerd.disambiguation.NerdEngine - relatedness - comparisons: 6589249 - cache proportion: 0.4405933714050526
Evaluating on article 89 / 100
 - evaluating 27183: Sorrel
18:14:02.506 [main] DEBUG com.scienceminer.nerd.disambiguation.NerdEngine - relatedness - comparisons: 6601488 - cache proportion: 0.44075357227088263
Evaluating on article 90 / 100
 - evaluating 27438: Transport in Suriname
18:14:04.149 [main] DEBUG com.scienceminer.nerd.disambiguation.NerdEngine - relatedness - comparisons: 6606517 - cache proportion: 0.440707768465718
Evaluating on article 91 / 100
 - evaluating 27946: Stephen R. Lawhead
18:14:11.097 [main] DEBUG com.scienceminer.nerd.disambiguation.NerdEngine - relatedness - comparisons: 6634377 - cache proportion: 0.44055010515019666
Evaluating on article 92 / 100
 - evaluating 28211: Stan Kelly-Bootle
18:14:16.965 [main] DEBUG com.scienceminer.nerd.disambiguation.NerdEngine - relatedness - comparisons: 6656811 - cache proportion: 0.44061826671443016
Evaluating on article 93 / 100
 - evaluating 28731: Stow-on-the-Wold
18:14:23.480 [main] DEBUG com.scienceminer.nerd.disambiguation.NerdEngine - relatedness - comparisons: 6680146 - cache proportion: 0.4406386092771074
Evaluating on article 94 / 100
 - evaluating 30253: Tertiary
18:14:26.053 [main] DEBUG com.scienceminer.nerd.disambiguation.NerdEngine - relatedness - comparisons: 6686408 - cache proportion: 0.4406678583746345
Evaluating on article 95 / 100
 - evaluating 30263: Problem of other minds
18:14:29.384 [main] DEBUG com.scienceminer.nerd.disambiguation.NerdEngine - relatedness - comparisons: 6704020 - cache proportion: 0.4406194353627423
Evaluating on article 96 / 100
 - evaluating 31528: Treaty of Cahuenga
18:14:35.617 [main] DEBUG com.scienceminer.nerd.disambiguation.NerdEngine - relatedness - comparisons: 6722123 - cache proportion: 0.4407593919214089
Evaluating on article 97 / 100
 - evaluating 31799: University of Bergen
18:14:41.474 [main] DEBUG com.scienceminer.nerd.disambiguation.NerdEngine - relatedness - comparisons: 6741007 - cache proportion: 0.44075998490443447
Evaluating on article 98 / 100
 - evaluating 31804: Colleges of the University of Cambridge
18:14:46.470 [main] DEBUG com.scienceminer.nerd.disambiguation.NerdEngine - relatedness - comparisons: 6755639 - cache proportion: 0.44123437558285405
Evaluating on article 99 / 100
 - evaluating 32054: Union for Europe of the Nations
18:14:49.619 [main] DEBUG com.scienceminer.nerd.disambiguation.NerdEngine - relatedness - comparisons: 6763804 - cache proportion: 0.44136024627774006
Evaluating on article 100 / 100
 - evaluating 32316: Unary numeral system
18:14:51.729 [main] DEBUG com.scienceminer.nerd.disambiguation.NerdEngine - relatedness - comparisons: 6773496 - cache proportion: 0.44154635398850406

Evaluation on 100 articles

-- Macro-average --
precision: 0.5673
recall: 0.7957
f1-score: 0.6544

-- Micro-average --
precision: 0.5503
recall: 0.7936
f1-score: 0.65

lower precision in evaluation set: 0.3673
lower recall in evalution set : 0.5556
perfect precision in evaluation set: 0 / 100
perfect recall in evaluation set: 0 / 100

